<?xml version="1.0" encoding="UTF-8"?>
<testsuite xmlns:xsi="http://www.w3.org/2001/XMLSchema-instance" xsi:noNamespaceSchemaLocation="https://maven.apache.org/surefire/maven-surefire-plugin/xsd/surefire-test-report.xsd" version="3.0.2" name="com.example.erp.reporting.ReportingFoundationTest" time="0.067" tests="4" errors="0" skipped="0" failures="0">
  <properties>
[...]
</properties>
  <testcase name="rejectsReverseLongOrUnapprovedQueries" classname="com.example.erp.reporting.ReportingFoundationTest" time="0.012"/>
  <testcase name="validatesBoundedDateRangeAndSort" classname="com.example.erp.reporting.ReportingFoundationTest" time="0.006"/>
  <testcase name="emptyResponseHasZeroSummary" classname="com.example.erp.reporting.ReportingFoundationTest" time="0.038"/>
  <testcase name="effectivePolicyExcludesVoidAndReversalStates" classname="com.example.erp.reporting.ReportingFoundationTest" time="0.005"/>
</testsuite>